This file contains any messages produced by compilers while
running configure, to aid debugging if configure makes a mistake.

It was created by meme configure 5.1.1, which was
generated by GNU Autoconf 2.69.  Invocation command line was

  $ ./configure --prefix=/home/hgallu/meme --with-url=http://meme-suite.org/ --enable-build-libxml2 --enable-build-libxslt --with-db=/home/hgallu/meme/db

## --------- ##
## Platform. ##
## --------- ##

hostname = narvi.cc.tut.fi
uname -m = x86_64
uname -r = 3.10.0-1062.9.1.el7.x86_64
uname -s = Linux
uname -v = #1 SMP Fri Dec 6 15:49:49 UTC 2019

/usr/bin/uname -p = x86_64
/bin/uname -X     = unknown

/bin/arch              = x86_64
/usr/bin/arch -k       = unknown
/usr/convex/getsysinfo = unknown
/usr/bin/hostinfo      = unknown
/bin/machine           = unknown
/usr/bin/oslevel       = unknown
/bin/universe          = unknown

PATH: /lustre/bmt-data/genomics/projects/lussana/miniconda3/envs/bpnet_training/bin
PATH: /home/opt/anaconda3/bin
PATH: /lustre/bmt-data/genomics/projects/lussana/miniconda3/bin
PATH: /lustre/bmt-data/genomics/projects/lussana/miniconda3/bin
PATH: /lustre/bmt-data/genomics/projects/lussana/miniconda3/condabin
PATH: /home/opt/anaconda3/bin
PATH: /usr/lib/qt-3.3/bin
PATH: /usr/local/bin
PATH: /usr/bin
PATH: /usr/local/sbin
PATH: /usr/sbin
PATH: /opt/ibutils/bin
PATH: /opt/dell/srvadmin/bin
PATH: /lustre/bmt-data/genomics/projects/lussana/bin
PATH: /home/hgallu/.local/bin
PATH: /home/hgallu/bin
PATH: /lustre/bmt-data/genomics/projects/lussana/bin


## ----------- ##
## Core tests. ##
## ----------- ##

configure:2450: checking for a BSD-compatible install
configure:2518: result: /usr/bin/install -c
configure:2529: checking whether build environment is sane
configure:2584: result: yes
configure:2735: checking for a thread-safe mkdir -p
configure:2774: result: /usr/bin/mkdir -p
configure:2781: checking for gawk
configure:2797: found /usr/bin/gawk
configure:2808: result: gawk
configure:2819: checking whether make sets $(MAKE)
configure:2841: result: yes
configure:2870: checking whether make supports nested variables
configure:2887: result: yes
configure:3024: checking whether make supports nested variables
configure:3041: result: yes
configure:3103: checking for gcc
configure:3119: found /usr/bin/gcc
configure:3130: result: gcc
configure:3359: checking for C compiler version
configure:3368: gcc --version >&5
gcc (GCC) 4.8.5 20150623 (Red Hat 4.8.5-39)
Copyright (C) 2015 Free Software Foundation, Inc.
This is free software; see the source for copying conditions.  There is NO
warranty; not even for MERCHANTABILITY or FITNESS FOR A PARTICULAR PURPOSE.

configure:3379: $? = 0
configure:3368: gcc -v >&5
Using built-in specs.
COLLECT_GCC=gcc
COLLECT_LTO_WRAPPER=/usr/libexec/gcc/x86_64-redhat-linux/4.8.5/lto-wrapper
Target: x86_64-redhat-linux
Configured with: ../configure --prefix=/usr --mandir=/usr/share/man --infodir=/usr/share/info --with-bugurl=http://bugzilla.redhat.com/bugzilla --enable-bootstrap --enable-shared --enable-threads=posix --enable-checking=release --with-system-zlib --enable-__cxa_atexit --disable-libunwind-exceptions --enable-gnu-unique-object --enable-linker-build-id --with-linker-hash-style=gnu --enable-languages=c,c++,objc,obj-c++,java,fortran,ada,go,lto --enable-plugin --enable-initfini-array --disable-libgcj --with-isl=/builddir/build/BUILD/gcc-4.8.5-20150702/obj-x86_64-redhat-linux/isl-install --with-cloog=/builddir/build/BUILD/gcc-4.8.5-20150702/obj-x86_64-redhat-linux/cloog-install --enable-gnu-indirect-function --with-tune=generic --with-arch_32=x86-64 --build=x86_64-redhat-linux
Thread model: posix
gcc version 4.8.5 20150623 (Red Hat 4.8.5-39) (GCC) 
configure:3379: $? = 0
configure:3368: gcc -V >&5
gcc: error: unrecognized command line option '-V'
gcc: fatal error: no input files
compilation terminated.
configure:3379: $? = 4
configure:3368: gcc -qversion >&5
gcc: error: unrecognized command line option '-qversion'
gcc: fatal error: no input files
compilation terminated.
configure:3379: $? = 4
configure:3399: checking whether the C compiler works
configure:3421: gcc    conftest.c  >&5
configure:3425: $? = 0
configure:3473: result: yes
configure:3476: checking for C compiler default output file name
configure:3478: result: a.out
configure:3484: checking for suffix of executables
configure:3491: gcc -o conftest    conftest.c  >&5
configure:3495: $? = 0
configure:3517: result: 
configure:3539: checking whether we are cross compiling
configure:3547: gcc -o conftest    conftest.c  >&5
configure:3551: $? = 0
configure:3558: ./conftest
configure:3562: $? = 0
configure:3577: result: no
configure:3582: checking for suffix of object files
configure:3604: gcc -c   conftest.c >&5
configure:3608: $? = 0
configure:3629: result: o
configure:3633: checking whether we are using the GNU C compiler
configure:3652: gcc -c   conftest.c >&5
configure:3652: $? = 0
configure:3661: result: yes
configure:3670: checking whether gcc accepts -g
configure:3690: gcc -c -g  conftest.c >&5
configure:3690: $? = 0
configure:3731: result: yes
configure:3748: checking for gcc option to accept ISO C89
configure:3811: gcc  -c -g -O2  conftest.c >&5
configure:3811: $? = 0
configure:3824: result: none needed
configure:3849: checking whether gcc understands -c and -o together
configure:3871: gcc -c conftest.c -o conftest2.o
configure:3874: $? = 0
configure:3871: gcc -c conftest.c -o conftest2.o
configure:3874: $? = 0
configure:3886: result: yes
configure:3906: checking whether make supports the include directive
configure:3921: make -f confmf.GNU && cat confinc.out
this is the am__doit target
configure:3924: $? = 0
configure:3943: result: yes (GNU style)
configure:3968: checking dependency style of gcc
configure:4079: result: gcc3
configure:4095: checking whether gcc and cc understand -c and -o together
configure:4126: gcc -c conftest.c -o conftest2.o >&5
configure:4130: $? = 0
configure:4136: gcc -c conftest.c -o conftest2.o >&5
configure:4140: $? = 0
configure:4151: cc -c conftest.c >&5
configure:4155: $? = 0
configure:4163: cc -c conftest.c -o conftest2.o >&5
configure:4167: $? = 0
configure:4173: cc -c conftest.c -o conftest2.o >&5
configure:4177: $? = 0
configure:4195: result: yes
configure:4234: checking build system type
configure:4248: result: x86_64-unknown-linux-gnu
configure:4268: checking host system type
configure:4281: result: x86_64-unknown-linux-gnu
configure:4322: checking how to print strings
configure:4349: result: printf
configure:4370: checking for a sed that does not truncate output
configure:4434: result: /usr/bin/sed
configure:4452: checking for grep that handles long lines and -e
configure:4510: result: /usr/bin/grep
configure:4515: checking for egrep
configure:4577: result: /usr/bin/grep -E
configure:4582: checking for fgrep
configure:4644: result: /usr/bin/grep -F
configure:4679: checking for ld used by gcc
configure:4746: result: /usr/bin/ld
configure:4753: checking if the linker (/usr/bin/ld) is GNU ld
configure:4768: result: yes
configure:4780: checking for BSD- or MS-compatible name lister (nm)
configure:4834: result: /usr/bin/nm -B
configure:4964: checking the name lister (/usr/bin/nm -B) interface
configure:4971: gcc -c -g -O2  conftest.c >&5
configure:4974: /usr/bin/nm -B "conftest.o"
configure:4977: output
0000000000000000 B some_variable
configure:4984: result: BSD nm
configure:4987: checking whether ln -s works
configure:4991: result: yes
configure:4999: checking the maximum length of command line arguments
configure:5130: result: 3458764513820540925
configure:5178: checking how to convert x86_64-unknown-linux-gnu file names to x86_64-unknown-linux-gnu format
configure:5218: result: func_convert_file_noop
configure:5225: checking how to convert x86_64-unknown-linux-gnu file names to toolchain format
configure:5245: result: func_convert_file_noop
configure:5252: checking for /usr/bin/ld option to reload object files
configure:5259: result: -r
configure:5333: checking for objdump
configure:5349: found /usr/bin/objdump
configure:5360: result: objdump
configure:5392: checking how to recognize dependent libraries
configure:5592: result: pass_all
configure:5677: checking for dlltool
configure:5707: result: no
configure:5737: checking how to associate runtime and link libraries
configure:5764: result: printf %s\n
configure:5825: checking for ar
configure:5841: found /usr/bin/ar
configure:5852: result: ar
configure:5889: checking for archiver @FILE support
configure:5906: gcc -c -g -O2  conftest.c >&5
configure:5906: $? = 0
configure:5909: ar cru libconftest.a @conftest.lst >&5
configure:5912: $? = 0
configure:5917: ar cru libconftest.a @conftest.lst >&5
ar: conftest.o: No such file or directory
configure:5920: $? = 1
configure:5932: result: @
configure:5990: checking for strip
configure:6006: found /usr/bin/strip
configure:6017: result: strip
configure:6089: checking for ranlib
configure:6105: found /usr/bin/ranlib
configure:6116: result: ranlib
configure:6218: checking command to parse /usr/bin/nm -B output from gcc object
configure:6371: gcc -c -g -O2  conftest.c >&5
configure:6374: $? = 0
configure:6378: /usr/bin/nm -B conftest.o \| sed -n -e 's/^.*[ ]\([ABCDGIRSTW][ABCDGIRSTW]*\)[ ][ ]*\([_A-Za-z][_A-Za-z0-9]*\)$/\1 \2 \2/p' | sed '/ __gnu_lto/d' \> conftest.nm
configure:6381: $? = 0
configure:6447: gcc -o conftest -g -O2   conftest.c conftstm.o >&5
configure:6450: $? = 0
configure:6488: result: ok
configure:6535: checking for sysroot
configure:6565: result: no
configure:6572: checking for a working dd
configure:6610: result: /usr/bin/dd
configure:6614: checking how to truncate binary pipes
configure:6629: result: /usr/bin/dd bs=4096 count=1
configure:6765: gcc -c -g -O2  conftest.c >&5
configure:6768: $? = 0
configure:6958: checking for mt
configure:6988: result: no
configure:7008: checking if : is a manifest tool
configure:7014: : '-?'
configure:7022: result: no
configure:7699: checking how to run the C preprocessor
configure:7730: gcc -E  conftest.c
configure:7730: $? = 0
configure:7744: gcc -E  conftest.c
conftest.c:11:28: fatal error: ac_nonexistent.h: No such file or directory
 #include <ac_nonexistent.h>
                            ^
compilation terminated.
configure:7744: $? = 1
configure: failed program was:
| /* confdefs.h */
| #define PACKAGE_NAME "meme"
| #define PACKAGE_TARNAME "meme"
| #define PACKAGE_VERSION "5.1.1"
| #define PACKAGE_STRING "meme 5.1.1"
| #define PACKAGE_BUGREPORT ""
| #define PACKAGE_URL ""
| #define PACKAGE "meme"
| #define VERSION "5.1.1"
| /* end confdefs.h.  */
| #include <ac_nonexistent.h>
configure:7769: result: gcc -E
configure:7789: gcc -E  conftest.c
configure:7789: $? = 0
configure:7803: gcc -E  conftest.c
conftest.c:11:28: fatal error: ac_nonexistent.h: No such file or directory
 #include <ac_nonexistent.h>
                            ^
compilation terminated.
configure:7803: $? = 1
configure: failed program was:
| /* confdefs.h */
| #define PACKAGE_NAME "meme"
| #define PACKAGE_TARNAME "meme"
| #define PACKAGE_VERSION "5.1.1"
| #define PACKAGE_STRING "meme 5.1.1"
| #define PACKAGE_BUGREPORT ""
| #define PACKAGE_URL ""
| #define PACKAGE "meme"
| #define VERSION "5.1.1"
| /* end confdefs.h.  */
| #include <ac_nonexistent.h>
configure:7832: checking for ANSI C header files
configure:7852: gcc -c -g -O2  conftest.c >&5
configure:7852: $? = 0
configure:7925: gcc -o conftest -g -O2   conftest.c  >&5
configure:7925: $? = 0
configure:7925: ./conftest
configure:7925: $? = 0
configure:7936: result: yes
configure:7949: checking for sys/types.h
configure:7949: gcc -c -g -O2  conftest.c >&5
configure:7949: $? = 0
configure:7949: result: yes
configure:7949: checking for sys/stat.h
configure:7949: gcc -c -g -O2  conftest.c >&5
configure:7949: $? = 0
configure:7949: result: yes
configure:7949: checking for stdlib.h
configure:7949: gcc -c -g -O2  conftest.c >&5
configure:7949: $? = 0
configure:7949: result: yes
configure:7949: checking for string.h
configure:7949: gcc -c -g -O2  conftest.c >&5
configure:7949: $? = 0
configure:7949: result: yes
configure:7949: checking for memory.h
configure:7949: gcc -c -g -O2  conftest.c >&5
configure:7949: $? = 0
configure:7949: result: yes
configure:7949: checking for strings.h
configure:7949: gcc -c -g -O2  conftest.c >&5
configure:7949: $? = 0
configure:7949: result: yes
configure:7949: checking for inttypes.h
configure:7949: gcc -c -g -O2  conftest.c >&5
configure:7949: $? = 0
configure:7949: result: yes
configure:7949: checking for stdint.h
configure:7949: gcc -c -g -O2  conftest.c >&5
configure:7949: $? = 0
configure:7949: result: yes
configure:7949: checking for unistd.h
configure:7949: gcc -c -g -O2  conftest.c >&5
configure:7949: $? = 0
configure:7949: result: yes
configure:7963: checking for dlfcn.h
configure:7963: gcc -c -g -O2  conftest.c >&5
configure:7963: $? = 0
configure:7963: result: yes
configure:8219: checking for objdir
configure:8234: result: .libs
configure:8498: checking if gcc supports -fno-rtti -fno-exceptions
configure:8516: gcc -c -g -O2  -fno-rtti -fno-exceptions conftest.c >&5
cc1: warning: command line option '-fno-rtti' is valid for C++/ObjC++ but not for C [enabled by default]
configure:8520: $? = 0
configure:8533: result: no
configure:8891: checking for gcc option to produce PIC
configure:8898: result: -fPIC -DPIC
configure:8906: checking if gcc PIC flag -fPIC -DPIC works
configure:8924: gcc -c -g -O2  -fPIC -DPIC -DPIC conftest.c >&5
configure:8928: $? = 0
configure:8941: result: yes
configure:8970: checking if gcc static flag -static works
configure:8998: result: no
configure:9013: checking if gcc supports -c -o file.o
configure:9034: gcc -c -g -O2  -o out/conftest2.o conftest.c >&5
configure:9038: $? = 0
configure:9060: result: yes
configure:9068: checking if gcc supports -c -o file.o
configure:9115: result: yes
configure:9148: checking whether the gcc linker (/usr/bin/ld -m elf_x86_64) supports shared libraries
configure:10407: result: yes
configure:10444: checking whether -lc should be explicitly linked in
configure:10452: gcc -c -g -O2  conftest.c >&5
configure:10455: $? = 0
configure:10470: gcc -shared  -fPIC -DPIC conftest.o  -v -Wl,-soname -Wl,conftest -o conftest 2\>\&1 \| /usr/bin/grep  -lc  \>/dev/null 2\>\&1
configure:10473: $? = 0
configure:10487: result: no
configure:10647: checking dynamic linker characteristics
configure:11228: gcc -o conftest -g -O2   -Wl,-rpath -Wl,/foo conftest.c  >&5
configure:11228: $? = 0
configure:11465: result: GNU/Linux ld.so
configure:11587: checking how to hardcode library paths into programs
configure:11612: result: immediate
configure:12160: checking whether stripping libraries is possible
configure:12165: result: yes
configure:12200: checking if libtool supports shared libraries
configure:12202: result: yes
configure:12205: checking whether to build shared libraries
configure:12230: result: yes
configure:12233: checking whether to build static libraries
configure:12237: result: yes
configure:12275: checking whether make sets $(MAKE)
configure:12297: result: yes
configure:12308: checking for ld
configure:12338: result: /usr/bin/ld -m elf_x86_64
configure:12348: checking for sed
configure:12378: result: /usr/bin/sed
configure:12388: checking for sendmail
configure:12407: found /usr/sbin/sendmail
configure:12420: result: /usr/sbin/sendmail
configure:12430: checking for perl
configure:12448: found /usr/bin/perl
configure:12460: result: /usr/bin/perl
configure:12470: checking for convert
configure:12488: found /usr/bin/convert
configure:12500: result: /usr/bin/convert
configure:12510: checking for gs
configure:12528: found /usr/bin/gs
configure:12540: result: /usr/bin/gs
configure:12550: checking for xml2-config
configure:12568: found /home/opt/anaconda3/bin/xml2-config
configure:12580: result: /home/opt/anaconda3/bin/xml2-config
configure:12590: checking for xslt-config
configure:12608: found /home/opt/anaconda3/bin/xslt-config
configure:12620: result: /home/opt/anaconda3/bin/xslt-config
configure:12630: checking for ant
configure:12663: result: no
configure:12676: checking for isnan, sqrt, log, exp, fabs, pow, floor, ceil in -lm
configure:12701: gcc -o conftest -g -O2   conftest.c -lm   >&5
conftest.c:31:6: warning: built-in function 'isnan' declared as non-function [enabled by default]
 char isnan, sqrt, log, exp, fabs, pow, floor, ceil ();
      ^
conftest.c:31:13: warning: built-in function 'sqrt' declared as non-function [enabled by default]
 char isnan, sqrt, log, exp, fabs, pow, floor, ceil ();
             ^
conftest.c:31:19: warning: built-in function 'log' declared as non-function [enabled by default]
 char isnan, sqrt, log, exp, fabs, pow, floor, ceil ();
                   ^
conftest.c:31:24: warning: built-in function 'exp' declared as non-function [enabled by default]
 char isnan, sqrt, log, exp, fabs, pow, floor, ceil ();
                        ^
conftest.c:31:29: warning: built-in function 'fabs' declared as non-function [enabled by default]
 char isnan, sqrt, log, exp, fabs, pow, floor, ceil ();
                             ^
conftest.c:31:35: warning: built-in function 'pow' declared as non-function [enabled by default]
 char isnan, sqrt, log, exp, fabs, pow, floor, ceil ();
                                   ^
conftest.c:31:40: warning: built-in function 'floor' declared as non-function [enabled by default]
 char isnan, sqrt, log, exp, fabs, pow, floor, ceil ();
                                        ^
conftest.c:31:47: warning: conflicting types for built-in function 'ceil' [enabled by default]
 char isnan, sqrt, log, exp, fabs, pow, floor, ceil ();
                                               ^
configure:12701: $? = 0
configure:12710: result: yes
configure:12724: checking for compress in -lz
configure:12749: gcc -o conftest -g -O2   conftest.c -lz  -lm  >&5
configure:12749: $? = 0
configure:12758: result: yes
configure:12774: checking for ANSI C header files
configure:12878: result: yes
configure:12886: checking for sys/wait.h that is POSIX.1 compatible
configure:12912: gcc -c -g -O2  conftest.c >&5
configure:12912: $? = 0
configure:12919: result: yes
configure:12930: checking arpa/inet.h usability
configure:12930: gcc -c -g -O2  conftest.c >&5
configure:12930: $? = 0
configure:12930: result: yes
configure:12930: checking arpa/inet.h presence
configure:12930: gcc -E  conftest.c
configure:12930: $? = 0
configure:12930: result: yes
configure:12930: checking for arpa/inet.h
configure:12930: result: yes
configure:12930: checking ctype.h usability
configure:12930: gcc -c -g -O2  conftest.c >&5
configure:12930: $? = 0
configure:12930: result: yes
configure:12930: checking ctype.h presence
configure:12930: gcc -E  conftest.c
configure:12930: $? = 0
configure:12930: result: yes
configure:12930: checking for ctype.h
configure:12930: result: yes
configure:12930: checking fcntl.h usability
configure:12930: gcc -c -g -O2  conftest.c >&5
configure:12930: $? = 0
configure:12930: result: yes
configure:12930: checking fcntl.h presence
configure:12930: gcc -E  conftest.c
configure:12930: $? = 0
configure:12930: result: yes
configure:12930: checking for fcntl.h
configure:12930: result: yes
configure:12930: checking limits.h usability
configure:12930: gcc -c -g -O2  conftest.c >&5
configure:12930: $? = 0
configure:12930: result: yes
configure:12930: checking limits.h presence
configure:12930: gcc -E  conftest.c
configure:12930: $? = 0
configure:12930: result: yes
configure:12930: checking for limits.h
configure:12930: result: yes
configure:12930: checking netdb.h usability
configure:12930: gcc -c -g -O2  conftest.c >&5
configure:12930: $? = 0
configure:12930: result: yes
configure:12930: checking netdb.h presence
configure:12930: gcc -E  conftest.c
configure:12930: $? = 0
configure:12930: result: yes
configure:12930: checking for netdb.h
configure:12930: result: yes
configure:12930: checking netinet/in.h usability
configure:12930: gcc -c -g -O2  conftest.c >&5
configure:12930: $? = 0
configure:12930: result: yes
configure:12930: checking netinet/in.h presence
configure:12930: gcc -E  conftest.c
configure:12930: $? = 0
configure:12930: result: yes
configure:12930: checking for netinet/in.h
configure:12930: result: yes
configure:12930: checking for stdlib.h
configure:12930: result: yes
configure:12930: checking for string.h
configure:12930: result: yes
configure:12930: checking for strings.h
configure:12930: result: yes
configure:12930: checking sys/socket.h usability
configure:12930: gcc -c -g -O2  conftest.c >&5
configure:12930: $? = 0
configure:12930: result: yes
configure:12930: checking sys/socket.h presence
configure:12930: gcc -E  conftest.c
configure:12930: $? = 0
configure:12930: result: yes
configure:12930: checking for sys/socket.h
configure:12930: result: yes
configure:12930: checking sys/time.h usability
configure:12930: gcc -c -g -O2  conftest.c >&5
configure:12930: $? = 0
configure:12930: result: yes
configure:12930: checking sys/time.h presence
configure:12930: gcc -E  conftest.c
configure:12930: $? = 0
configure:12930: result: yes
configure:12930: checking for sys/time.h
configure:12930: result: yes
configure:12930: checking for unistd.h
configure:12930: result: yes
configure:12942: checking for an ANSI C-conforming const
configure:13008: gcc -c -g -O2  conftest.c >&5
configure:13008: $? = 0
configure:13015: result: yes
configure:13023: checking for stdbool.h that conforms to C99
configure:13090: gcc -c -g -O2  conftest.c >&5
configure:13090: $? = 0
configure:13097: result: yes
configure:13099: checking for _Bool
configure:13099: gcc -c -g -O2  conftest.c >&5
configure:13099: $? = 0
configure:13099: gcc -c -g -O2  conftest.c >&5
conftest.c: In function 'main':
conftest.c:76:20: error: expected expression before ')' token
 if (sizeof ((_Bool)))
                    ^
configure:13099: $? = 1
configure: failed program was:
| /* confdefs.h */
| #define PACKAGE_NAME "meme"
| #define PACKAGE_TARNAME "meme"
| #define PACKAGE_VERSION "5.1.1"
| #define PACKAGE_STRING "meme 5.1.1"
| #define PACKAGE_BUGREPORT ""
| #define PACKAGE_URL ""
| #define PACKAGE "meme"
| #define VERSION "5.1.1"
| #define STDC_HEADERS 1
| #define HAVE_SYS_TYPES_H 1
| #define HAVE_SYS_STAT_H 1
| #define HAVE_STDLIB_H 1
| #define HAVE_STRING_H 1
| #define HAVE_MEMORY_H 1
| #define HAVE_STRINGS_H 1
| #define HAVE_INTTYPES_H 1
| #define HAVE_STDINT_H 1
| #define HAVE_UNISTD_H 1
| #define HAVE_DLFCN_H 1
| #define LT_OBJDIR ".libs/"
| #define HOSTNAME "narvi.cc.tut.fi"
| #define HAVE_LIBM 1
| #define HAVE_LIBZ 1
| #define STDC_HEADERS 1
| #define HAVE_SYS_WAIT_H 1
| #define HAVE_ARPA_INET_H 1
| #define HAVE_CTYPE_H 1
| #define HAVE_FCNTL_H 1
| #define HAVE_LIMITS_H 1
| #define HAVE_NETDB_H 1
| #define HAVE_NETINET_IN_H 1
| #define HAVE_STDLIB_H 1
| #define HAVE_STRING_H 1
| #define HAVE_STRINGS_H 1
| #define HAVE_SYS_SOCKET_H 1
| #define HAVE_SYS_TIME_H 1
| #define HAVE_UNISTD_H 1
| /* end confdefs.h.  */
| #include <stdio.h>
| #ifdef HAVE_SYS_TYPES_H
| # include <sys/types.h>
| #endif
| #ifdef HAVE_SYS_STAT_H
| # include <sys/stat.h>
| #endif
| #ifdef STDC_HEADERS
| # include <stdlib.h>
| # include <stddef.h>
| #else
| # ifdef HAVE_STDLIB_H
| #  include <stdlib.h>
| # endif
| #endif
| #ifdef HAVE_STRING_H
| # if !defined STDC_HEADERS && defined HAVE_MEMORY_H
| #  include <memory.h>
| # endif
| # include <string.h>
| #endif
| #ifdef HAVE_STRINGS_H
| # include <strings.h>
| #endif
| #ifdef HAVE_INTTYPES_H
| # include <inttypes.h>
| #endif
| #ifdef HAVE_STDINT_H
| # include <stdint.h>
| #endif
| #ifdef HAVE_UNISTD_H
| # include <unistd.h>
| #endif
| int
| main ()
| {
| if (sizeof ((_Bool)))
| 	    return 0;
|   ;
|   return 0;
| }
configure:13099: result: yes
configure:13116: checking for pid_t
configure:13116: gcc -c -g -O2  conftest.c >&5
configure:13116: $? = 0
configure:13116: gcc -c -g -O2  conftest.c >&5
conftest.c: In function 'main':
conftest.c:78:20: error: expected expression before ')' token
 if (sizeof ((pid_t)))
                    ^
configure:13116: $? = 1
configure: failed program was:
| /* confdefs.h */
| #define PACKAGE_NAME "meme"
| #define PACKAGE_TARNAME "meme"
| #define PACKAGE_VERSION "5.1.1"
| #define PACKAGE_STRING "meme 5.1.1"
| #define PACKAGE_BUGREPORT ""
| #define PACKAGE_URL ""
| #define PACKAGE "meme"
| #define VERSION "5.1.1"
| #define STDC_HEADERS 1
| #define HAVE_SYS_TYPES_H 1
| #define HAVE_SYS_STAT_H 1
| #define HAVE_STDLIB_H 1
| #define HAVE_STRING_H 1
| #define HAVE_MEMORY_H 1
| #define HAVE_STRINGS_H 1
| #define HAVE_INTTYPES_H 1
| #define HAVE_STDINT_H 1
| #define HAVE_UNISTD_H 1
| #define HAVE_DLFCN_H 1
| #define LT_OBJDIR ".libs/"
| #define HOSTNAME "narvi.cc.tut.fi"
| #define HAVE_LIBM 1
| #define HAVE_LIBZ 1
| #define STDC_HEADERS 1
| #define HAVE_SYS_WAIT_H 1
| #define HAVE_ARPA_INET_H 1
| #define HAVE_CTYPE_H 1
| #define HAVE_FCNTL_H 1
| #define HAVE_LIMITS_H 1
| #define HAVE_NETDB_H 1
| #define HAVE_NETINET_IN_H 1
| #define HAVE_STDLIB_H 1
| #define HAVE_STRING_H 1
| #define HAVE_STRINGS_H 1
| #define HAVE_SYS_SOCKET_H 1
| #define HAVE_SYS_TIME_H 1
| #define HAVE_UNISTD_H 1
| #define HAVE__BOOL 1
| #define HAVE_STDBOOL_H 1
| /* end confdefs.h.  */
| #include <stdio.h>
| #ifdef HAVE_SYS_TYPES_H
| # include <sys/types.h>
| #endif
| #ifdef HAVE_SYS_STAT_H
| # include <sys/stat.h>
| #endif
| #ifdef STDC_HEADERS
| # include <stdlib.h>
| # include <stddef.h>
| #else
| # ifdef HAVE_STDLIB_H
| #  include <stdlib.h>
| # endif
| #endif
| #ifdef HAVE_STRING_H
| # if !defined STDC_HEADERS && defined HAVE_MEMORY_H
| #  include <memory.h>
| # endif
| # include <string.h>
| #endif
| #ifdef HAVE_STRINGS_H
| # include <strings.h>
| #endif
| #ifdef HAVE_INTTYPES_H
| # include <inttypes.h>
| #endif
| #ifdef HAVE_STDINT_H
| # include <stdint.h>
| #endif
| #ifdef HAVE_UNISTD_H
| # include <unistd.h>
| #endif
| int
| main ()
| {
| if (sizeof ((pid_t)))
| 	    return 0;
|   ;
|   return 0;
| }
configure:13116: result: yes
configure:13127: checking for size_t
configure:13127: gcc -c -g -O2  conftest.c >&5
configure:13127: $? = 0
configure:13127: gcc -c -g -O2  conftest.c >&5
conftest.c: In function 'main':
conftest.c:78:21: error: expected expression before ')' token
 if (sizeof ((size_t)))
                     ^
configure:13127: $? = 1
configure: failed program was:
| /* confdefs.h */
| #define PACKAGE_NAME "meme"
| #define PACKAGE_TARNAME "meme"
| #define PACKAGE_VERSION "5.1.1"
| #define PACKAGE_STRING "meme 5.1.1"
| #define PACKAGE_BUGREPORT ""
| #define PACKAGE_URL ""
| #define PACKAGE "meme"
| #define VERSION "5.1.1"
| #define STDC_HEADERS 1
| #define HAVE_SYS_TYPES_H 1
| #define HAVE_SYS_STAT_H 1
| #define HAVE_STDLIB_H 1
| #define HAVE_STRING_H 1
| #define HAVE_MEMORY_H 1
| #define HAVE_STRINGS_H 1
| #define HAVE_INTTYPES_H 1
| #define HAVE_STDINT_H 1
| #define HAVE_UNISTD_H 1
| #define HAVE_DLFCN_H 1
| #define LT_OBJDIR ".libs/"
| #define HOSTNAME "narvi.cc.tut.fi"
| #define HAVE_LIBM 1
| #define HAVE_LIBZ 1
| #define STDC_HEADERS 1
| #define HAVE_SYS_WAIT_H 1
| #define HAVE_ARPA_INET_H 1
| #define HAVE_CTYPE_H 1
| #define HAVE_FCNTL_H 1
| #define HAVE_LIMITS_H 1
| #define HAVE_NETDB_H 1
| #define HAVE_NETINET_IN_H 1
| #define HAVE_STDLIB_H 1
| #define HAVE_STRING_H 1
| #define HAVE_STRINGS_H 1
| #define HAVE_SYS_SOCKET_H 1
| #define HAVE_SYS_TIME_H 1
| #define HAVE_UNISTD_H 1
| #define HAVE__BOOL 1
| #define HAVE_STDBOOL_H 1
| /* end confdefs.h.  */
| #include <stdio.h>
| #ifdef HAVE_SYS_TYPES_H
| # include <sys/types.h>
| #endif
| #ifdef HAVE_SYS_STAT_H
| # include <sys/stat.h>
| #endif
| #ifdef STDC_HEADERS
| # include <stdlib.h>
| # include <stddef.h>
| #else
| # ifdef HAVE_STDLIB_H
| #  include <stdlib.h>
| # endif
| #endif
| #ifdef HAVE_STRING_H
| # if !defined STDC_HEADERS && defined HAVE_MEMORY_H
| #  include <memory.h>
| # endif
| # include <string.h>
| #endif
| #ifdef HAVE_STRINGS_H
| # include <strings.h>
| #endif
| #ifdef HAVE_INTTYPES_H
| # include <inttypes.h>
| #endif
| #ifdef HAVE_STDINT_H
| # include <stdint.h>
| #endif
| #ifdef HAVE_UNISTD_H
| # include <unistd.h>
| #endif
| int
| main ()
| {
| if (sizeof ((size_t)))
| 	    return 0;
|   ;
|   return 0;
| }
configure:13127: result: yes
configure:13142: checking vfork.h usability
configure:13142: gcc -c -g -O2  conftest.c >&5
conftest.c:75:19: fatal error: vfork.h: No such file or directory
 #include <vfork.h>
                   ^
compilation terminated.
configure:13142: $? = 1
configure: failed program was:
| /* confdefs.h */
| #define PACKAGE_NAME "meme"
| #define PACKAGE_TARNAME "meme"
| #define PACKAGE_VERSION "5.1.1"
| #define PACKAGE_STRING "meme 5.1.1"
| #define PACKAGE_BUGREPORT ""
| #define PACKAGE_URL ""
| #define PACKAGE "meme"
| #define VERSION "5.1.1"
| #define STDC_HEADERS 1
| #define HAVE_SYS_TYPES_H 1
| #define HAVE_SYS_STAT_H 1
| #define HAVE_STDLIB_H 1
| #define HAVE_STRING_H 1
| #define HAVE_MEMORY_H 1
| #define HAVE_STRINGS_H 1
| #define HAVE_INTTYPES_H 1
| #define HAVE_STDINT_H 1
| #define HAVE_UNISTD_H 1
| #define HAVE_DLFCN_H 1
| #define LT_OBJDIR ".libs/"
| #define HOSTNAME "narvi.cc.tut.fi"
| #define HAVE_LIBM 1
| #define HAVE_LIBZ 1
| #define STDC_HEADERS 1
| #define HAVE_SYS_WAIT_H 1
| #define HAVE_ARPA_INET_H 1
| #define HAVE_CTYPE_H 1
| #define HAVE_FCNTL_H 1
| #define HAVE_LIMITS_H 1
| #define HAVE_NETDB_H 1
| #define HAVE_NETINET_IN_H 1
| #define HAVE_STDLIB_H 1
| #define HAVE_STRING_H 1
| #define HAVE_STRINGS_H 1
| #define HAVE_SYS_SOCKET_H 1
| #define HAVE_SYS_TIME_H 1
| #define HAVE_UNISTD_H 1
| #define HAVE__BOOL 1
| #define HAVE_STDBOOL_H 1
| /* end confdefs.h.  */
| #include <stdio.h>
| #ifdef HAVE_SYS_TYPES_H
| # include <sys/types.h>
| #endif
| #ifdef HAVE_SYS_STAT_H
| # include <sys/stat.h>
| #endif
| #ifdef STDC_HEADERS
| # include <stdlib.h>
| # include <stddef.h>
| #else
| # ifdef HAVE_STDLIB_H
| #  include <stdlib.h>
| # endif
| #endif
| #ifdef HAVE_STRING_H
| # if !defined STDC_HEADERS && defined HAVE_MEMORY_H
| #  include <memory.h>
| # endif
| # include <string.h>
| #endif
| #ifdef HAVE_STRINGS_H
| # include <strings.h>
| #endif
| #ifdef HAVE_INTTYPES_H
| # include <inttypes.h>
| #endif
| #ifdef HAVE_STDINT_H
| # include <stdint.h>
| #endif
| #ifdef HAVE_UNISTD_H
| # include <unistd.h>
| #endif
| #include <vfork.h>
configure:13142: result: no
configure:13142: checking vfork.h presence
configure:13142: gcc -E  conftest.c
conftest.c:42:19: fatal error: vfork.h: No such file or directory
 #include <vfork.h>
                   ^
compilation terminated.
configure:13142: $? = 1
configure: failed program was:
| /* confdefs.h */
| #define PACKAGE_NAME "meme"
| #define PACKAGE_TARNAME "meme"
| #define PACKAGE_VERSION "5.1.1"
| #define PACKAGE_STRING "meme 5.1.1"
| #define PACKAGE_BUGREPORT ""
| #define PACKAGE_URL ""
| #define PACKAGE "meme"
| #define VERSION "5.1.1"
| #define STDC_HEADERS 1
| #define HAVE_SYS_TYPES_H 1
| #define HAVE_SYS_STAT_H 1
| #define HAVE_STDLIB_H 1
| #define HAVE_STRING_H 1
| #define HAVE_MEMORY_H 1
| #define HAVE_STRINGS_H 1
| #define HAVE_INTTYPES_H 1
| #define HAVE_STDINT_H 1
| #define HAVE_UNISTD_H 1
| #define HAVE_DLFCN_H 1
| #define LT_OBJDIR ".libs/"
| #define HOSTNAME "narvi.cc.tut.fi"
| #define HAVE_LIBM 1
| #define HAVE_LIBZ 1
| #define STDC_HEADERS 1
| #define HAVE_SYS_WAIT_H 1
| #define HAVE_ARPA_INET_H 1
| #define HAVE_CTYPE_H 1
| #define HAVE_FCNTL_H 1
| #define HAVE_LIMITS_H 1
| #define HAVE_NETDB_H 1
| #define HAVE_NETINET_IN_H 1
| #define HAVE_STDLIB_H 1
| #define HAVE_STRING_H 1
| #define HAVE_STRINGS_H 1
| #define HAVE_SYS_SOCKET_H 1
| #define HAVE_SYS_TIME_H 1
| #define HAVE_UNISTD_H 1
| #define HAVE__BOOL 1
| #define HAVE_STDBOOL_H 1
| /* end confdefs.h.  */
| #include <vfork.h>
configure:13142: result: no
configure:13142: checking for vfork.h
configure:13142: result: no
configure:13155: checking for fork
configure:13155: gcc -o conftest -g -O2   conftest.c -lz -lm  >&5
conftest.c:65:6: warning: conflicting types for built-in function 'fork' [enabled by default]
 char fork ();
      ^
configure:13155: $? = 0
configure:13155: result: yes
configure:13155: checking for vfork
configure:13155: gcc -o conftest -g -O2   conftest.c -lz -lm  >&5
configure:13155: $? = 0
configure:13155: result: yes
configure:13165: checking for working fork
configure:13187: gcc -o conftest -g -O2   conftest.c -lz -lm  >&5
configure:13187: $? = 0
configure:13187: ./conftest
configure:13187: $? = 0
configure:13197: result: yes
configure:13218: checking for working vfork
configure:13328: result: yes
configure:13355: checking for stdlib.h
configure:13355: result: yes
configure:13365: checking for GNU libc compatible malloc
configure:13389: gcc -o conftest -g -O2   conftest.c -lz -lm  >&5
configure:13389: $? = 0
configure:13389: ./conftest
configure:13389: $? = 0
configure:13399: result: yes
configure:13422: checking for stdlib.h
configure:13422: result: yes
configure:13432: checking for GNU libc compatible realloc
configure:13456: gcc -o conftest -g -O2   conftest.c -lz -lm  >&5
configure:13456: $? = 0
configure:13456: ./conftest
configure:13456: $? = 0
configure:13466: result: yes
configure:13487: checking return type of signal handlers
configure:13505: gcc -c -g -O2  conftest.c >&5
conftest.c: In function 'main':
conftest.c:56:1: error: void value not ignored as it ought to be
 return *(signal (0, 0)) (0) == 1;
 ^
configure:13505: $? = 1
configure: failed program was:
| /* confdefs.h */
| #define PACKAGE_NAME "meme"
| #define PACKAGE_TARNAME "meme"
| #define PACKAGE_VERSION "5.1.1"
| #define PACKAGE_STRING "meme 5.1.1"
| #define PACKAGE_BUGREPORT ""
| #define PACKAGE_URL ""
| #define PACKAGE "meme"
| #define VERSION "5.1.1"
| #define STDC_HEADERS 1
| #define HAVE_SYS_TYPES_H 1
| #define HAVE_SYS_STAT_H 1
| #define HAVE_STDLIB_H 1
| #define HAVE_STRING_H 1
| #define HAVE_MEMORY_H 1
| #define HAVE_STRINGS_H 1
| #define HAVE_INTTYPES_H 1
| #define HAVE_STDINT_H 1
| #define HAVE_UNISTD_H 1
| #define HAVE_DLFCN_H 1
| #define LT_OBJDIR ".libs/"
| #define HOSTNAME "narvi.cc.tut.fi"
| #define HAVE_LIBM 1
| #define HAVE_LIBZ 1
| #define STDC_HEADERS 1
| #define HAVE_SYS_WAIT_H 1
| #define HAVE_ARPA_INET_H 1
| #define HAVE_CTYPE_H 1
| #define HAVE_FCNTL_H 1
| #define HAVE_LIMITS_H 1
| #define HAVE_NETDB_H 1
| #define HAVE_NETINET_IN_H 1
| #define HAVE_STDLIB_H 1
| #define HAVE_STRING_H 1
| #define HAVE_STRINGS_H 1
| #define HAVE_SYS_SOCKET_H 1
| #define HAVE_SYS_TIME_H 1
| #define HAVE_UNISTD_H 1
| #define HAVE__BOOL 1
| #define HAVE_STDBOOL_H 1
| #define HAVE_FORK 1
| #define HAVE_VFORK 1
| #define HAVE_WORKING_VFORK 1
| #define HAVE_WORKING_FORK 1
| #define HAVE_STDLIB_H 1
| #define HAVE_MALLOC 1
| #define HAVE_STDLIB_H 1
| #define HAVE_REALLOC 1
| /* end confdefs.h.  */
| #include <sys/types.h>
| #include <signal.h>
| 
| int
| main ()
| {
| return *(signal (0, 0)) (0) == 1;
|   ;
|   return 0;
| }
configure:13512: result: void
configure:13520: checking whether lstat correctly handles trailing slash
configure:13546: gcc -o conftest -g -O2   conftest.c -lz -lm  >&5
configure:13546: $? = 0
configure:13546: ./conftest
configure:13546: $? = 0
configure:13563: result: yes
configure:13582: checking whether stat accepts an empty string
configure:13602: gcc -o conftest -g -O2   conftest.c -lz -lm  >&5
configure:13602: $? = 0
configure:13602: ./conftest
configure:13602: $? = 0
configure:13612: result: no
configure:13631: checking for floor
configure:13631: gcc -o conftest -g -O2   conftest.c -lz -lm  >&5
conftest.c:75:6: warning: conflicting types for built-in function 'floor' [enabled by default]
 char floor ();
      ^
configure:13631: $? = 0
configure:13631: result: yes
configure:13631: checking for getcwd
configure:13631: gcc -o conftest -g -O2   conftest.c -lz -lm  >&5
configure:13631: $? = 0
configure:13631: result: yes
configure:13631: checking for gethostbyname
configure:13631: gcc -o conftest -g -O2   conftest.c -lz -lm  >&5
configure:13631: $? = 0
configure:13631: result: yes
configure:13631: checking for isascii
configure:13631: gcc -o conftest -g -O2   conftest.c -lz -lm  >&5
conftest.c:78:6: warning: conflicting types for built-in function 'isascii' [enabled by default]
 char isascii ();
      ^
configure:13631: $? = 0
configure:13631: result: yes
configure:13631: checking for memset
configure:13631: gcc -o conftest -g -O2   conftest.c -lz -lm  >&5
conftest.c:79:6: warning: conflicting types for built-in function 'memset' [enabled by default]
 char memset ();
      ^
configure:13631: $? = 0
configure:13631: result: yes
configure:13631: checking for pow
configure:13631: gcc -o conftest -g -O2   conftest.c -lz -lm  >&5
conftest.c:80:6: warning: conflicting types for built-in function 'pow' [enabled by default]
 char pow ();
      ^
configure:13631: $? = 0
configure:13631: result: yes
configure:13631: checking for rint
configure:13631: gcc -o conftest -g -O2   conftest.c -lz -lm  >&5
conftest.c:81:6: warning: conflicting types for built-in function 'rint' [enabled by default]
 char rint ();
      ^
configure:13631: $? = 0
configure:13631: result: yes
configure:13631: checking for socket
configure:13631: gcc -o conftest -g -O2   conftest.c -lz -lm  >&5
configure:13631: $? = 0
configure:13631: result: yes
configure:13631: checking for sqrt
configure:13631: gcc -o conftest -g -O2   conftest.c -lz -lm  >&5
conftest.c:83:6: warning: conflicting types for built-in function 'sqrt' [enabled by default]
 char sqrt ();
      ^
configure:13631: $? = 0
configure:13631: result: yes
configure:13631: checking for strchr
configure:13631: gcc -o conftest -g -O2   conftest.c -lz -lm  >&5
conftest.c:84:6: warning: conflicting types for built-in function 'strchr' [enabled by default]
 char strchr ();
      ^
configure:13631: $? = 0
configure:13631: result: yes
configure:13631: checking for strcspn
configure:13631: gcc -o conftest -g -O2   conftest.c -lz -lm  >&5
conftest.c:85:6: warning: conflicting types for built-in function 'strcspn' [enabled by default]
 char strcspn ();
      ^
configure:13631: $? = 0
configure:13631: result: yes
configure:13631: checking for strdup
configure:13631: gcc -o conftest -g -O2   conftest.c -lz -lm  >&5
conftest.c:86:6: warning: conflicting types for built-in function 'strdup' [enabled by default]
 char strdup ();
      ^
configure:13631: $? = 0
configure:13631: result: yes
configure:13631: checking for strspn
configure:13631: gcc -o conftest -g -O2   conftest.c -lz -lm  >&5
conftest.c:87:6: warning: conflicting types for built-in function 'strspn' [enabled by default]
 char strspn ();
      ^
configure:13631: $? = 0
configure:13631: result: yes
configure:13631: checking for strstr
configure:13631: gcc -o conftest -g -O2   conftest.c -lz -lm  >&5
conftest.c:88:6: warning: conflicting types for built-in function 'strstr' [enabled by default]
 char strstr ();
      ^
configure:13631: $? = 0
configure:13631: result: yes
configure:13642: checking for strlcpy
configure:13642: gcc -o conftest -g -O2   conftest.c -lz -lm  >&5
/tmp/ccXlutan.o: In function `main':
/lustre/bmt-data/genomics/projects/lussana/bpnet_model_training/local/src/meme-5.1.1/conftest.c:100: undefined reference to `strlcpy'
collect2: error: ld returned 1 exit status
configure:13642: $? = 1
configure: failed program was:
| /* confdefs.h */
| #define PACKAGE_NAME "meme"
| #define PACKAGE_TARNAME "meme"
| #define PACKAGE_VERSION "5.1.1"
| #define PACKAGE_STRING "meme 5.1.1"
| #define PACKAGE_BUGREPORT ""
| #define PACKAGE_URL ""
| #define PACKAGE "meme"
| #define VERSION "5.1.1"
| #define STDC_HEADERS 1
| #define HAVE_SYS_TYPES_H 1
| #define HAVE_SYS_STAT_H 1
| #define HAVE_STDLIB_H 1
| #define HAVE_STRING_H 1
| #define HAVE_MEMORY_H 1
| #define HAVE_STRINGS_H 1
| #define HAVE_INTTYPES_H 1
| #define HAVE_STDINT_H 1
| #define HAVE_UNISTD_H 1
| #define HAVE_DLFCN_H 1
| #define LT_OBJDIR ".libs/"
| #define HOSTNAME "narvi.cc.tut.fi"
| #define HAVE_LIBM 1
| #define HAVE_LIBZ 1
| #define STDC_HEADERS 1
| #define HAVE_SYS_WAIT_H 1
| #define HAVE_ARPA_INET_H 1
| #define HAVE_CTYPE_H 1
| #define HAVE_FCNTL_H 1
| #define HAVE_LIMITS_H 1
| #define HAVE_NETDB_H 1
| #define HAVE_NETINET_IN_H 1
| #define HAVE_STDLIB_H 1
| #define HAVE_STRING_H 1
| #define HAVE_STRINGS_H 1
| #define HAVE_SYS_SOCKET_H 1
| #define HAVE_SYS_TIME_H 1
| #define HAVE_UNISTD_H 1
| #define HAVE__BOOL 1
| #define HAVE_STDBOOL_H 1
| #define HAVE_FORK 1
| #define HAVE_VFORK 1
| #define HAVE_WORKING_VFORK 1
| #define HAVE_WORKING_FORK 1
| #define HAVE_STDLIB_H 1
| #define HAVE_MALLOC 1
| #define HAVE_STDLIB_H 1
| #define HAVE_REALLOC 1
| #define RETSIGTYPE void
| #define LSTAT_FOLLOWS_SLASHED_SYMLINK 1
| #define HAVE_FLOOR 1
| #define HAVE_GETCWD 1
| #define HAVE_GETHOSTBYNAME 1
| #define HAVE_ISASCII 1
| #define HAVE_MEMSET 1
| #define HAVE_POW 1
| #define HAVE_RINT 1
| #define HAVE_SOCKET 1
| #define HAVE_SQRT 1
| #define HAVE_STRCHR 1
| #define HAVE_STRCSPN 1
| #define HAVE_STRDUP 1
| #define HAVE_STRSPN 1
| #define HAVE_STRSTR 1
| /* end confdefs.h.  */
| /* Define strlcpy to an innocuous variant, in case <limits.h> declares strlcpy.
|    For example, HP-UX 11i <limits.h> declares gettimeofday.  */
| #define strlcpy innocuous_strlcpy
| 
| /* System header to define __stub macros and hopefully few prototypes,
|     which can conflict with char strlcpy (); below.
|     Prefer <limits.h> to <assert.h> if __STDC__ is defined, since
|     <limits.h> exists even on freestanding compilers.  */
| 
| #ifdef __STDC__
| # include <limits.h>
| #else
| # include <assert.h>
| #endif
| 
| #undef strlcpy
| 
| /* Override any GCC internal prototype to avoid an error.
|    Use char because int might match the return type of a GCC
|    builtin and then its argument prototype would still apply.  */
| #ifdef __cplusplus
| extern "C"
| #endif
| char strlcpy ();
| /* The GNU C library defines this for functions which it implements
|     to always fail with ENOSYS.  Some functions are actually named
|     something starting with __ and the normal name is an alias.  */
| #if defined __stub_strlcpy || defined __stub___strlcpy
| choke me
| #endif
| 
| int
| main ()
| {
| return strlcpy ();
|   ;
|   return 0;
| }
configure:13642: result: no
configure:14117: checking for mpicc
configure:14150: result: no
configure:14117: checking for openmpicc
configure:14150: result: no
configure:14117: checking for mpcc
configure:14150: result: no
configure:14162: checking for mpirun
configure:14195: result: no
configure:14162: checking for openmpirun
configure:14195: result: no
configure:14545: checking for "/home/hgallu/meme/db"
configure:14559: result: yes
configure:14669: checking for perl
configure:14699: result: /usr/bin/perl
configure:14746: checking for python
configure:14764: found /lustre/bmt-data/genomics/projects/lussana/miniconda3/envs/bpnet_training/bin/python
configure:14776: result: /lustre/bmt-data/genomics/projects/lussana/miniconda3/envs/bpnet_training/bin/python
configure:14799: checking whether /lustre/bmt-data/genomics/projects/lussana/miniconda3/envs/bpnet_training/bin/python version is >= 2.7
configure:14810: /lustre/bmt-data/genomics/projects/lussana/miniconda3/envs/bpnet_training/bin/python -c import sys # split strings by '.' and convert to numeric. Append some zeros # because we need at least 4 digits for the hex conversion. # map returns an iterator in Python 3.0 and a list in 2.x minver = list(map(int, '2.7'.split('.'))) + [0, 0, 0] minverhex = 0 # xrange is not present in Python 3.0 and range returns an iterator for i in list(range(0, 4)): minverhex = (minverhex << 8) + minver[i] sys.exit(sys.hexversion < minverhex)
configure:14813: $? = 0
configure:14815: result: yes
configure:14908: checking for /lustre/bmt-data/genomics/projects/lussana/miniconda3/envs/bpnet_training/bin/python version
configure:14915: result: 3.6
configure:14927: checking for /lustre/bmt-data/genomics/projects/lussana/miniconda3/envs/bpnet_training/bin/python platform
configure:14934: result: linux
configure:14960: checking for /lustre/bmt-data/genomics/projects/lussana/miniconda3/envs/bpnet_training/bin/python script directory
configure:14995: result: ${prefix}/lib/python3.6/site-packages
configure:15004: checking for /lustre/bmt-data/genomics/projects/lussana/miniconda3/envs/bpnet_training/bin/python extension module directory
configure:15039: result: ${exec_prefix}/lib/python3.6/site-packages
configure:15100: checking for convert
configure:15130: result: /usr/bin/convert
configure:15178: checking for gs
configure:15208: result: /usr/bin/gs
configure:15404: checking that generated files are newer than configure
configure:15410: result: done
configure:15477: creating ./config.status

## ---------------------- ##
## Running config.status. ##
## ---------------------- ##

This file was extended by meme config.status 5.1.1, which was
generated by GNU Autoconf 2.69.  Invocation command line was

  CONFIG_FILES    = 
  CONFIG_HEADERS  = 
  CONFIG_LINKS    = 
  CONFIG_COMMANDS = 
  $ ./config.status 

on narvi.cc.tut.fi

config.status:1423: creating Makefile
config.status:1423: creating doc/Makefile
config.status:1423: creating doc/css/Makefile
config.status:1423: creating doc/examples/Makefile
config.status:1423: creating doc/examples/compute_prior_dist_example_output_files/Makefile
config.status:1423: creating doc/examples/sample_opal_scripts/Makefile
config.status:1423: creating doc/images/Makefile
config.status:1423: creating doc/js/Makefile
config.status:1423: creating etc/Makefile
config.status:1423: creating src/filters/Makefile
config.status:1423: creating src/filters/purge/Makefile
config.status:1423: creating src/filters/dust/Makefile
config.status:1423: creating scripts/Makefile
config.status:1423: creating src/Makefile
config.status:1423: creating src/libxml2/Makefile
config.status:1423: creating src/libxml2/include/Makefile
config.status:1423: creating src/libxml2/include/libxml/Makefile
config.status:1423: creating src/libxslt/Makefile
config.status:1423: creating src/libexslt/Makefile
config.status:1423: creating src/parallel/Makefile
config.status:1423: creating tests/Makefile
config.status:1423: creating tests/ame/Makefile
config.status:1423: creating tests/centrimo/Makefile
config.status:1423: creating tests/clustalw2fasta/Makefile
config.status:1423: creating tests/common/Makefile
config.status:1423: creating tests/common/motif.crp0/Makefile
config.status:1423: creating tests/common/motif.Puf3p/Makefile
config.status:1423: creating tests/create-priors/Makefile
config.status:1423: creating tests/draw-mhmm/Makefile
config.status:1423: creating tests/dreme/Makefile
config.status:1423: creating tests/fasta-center/Makefile
config.status:1423: creating tests/fimo/Makefile
config.status:1423: creating tests/glam2/Makefile
config.status:1423: creating tests/glam2scan/Makefile
config.status:1423: creating tests/gomo/Makefile
config.status:1423: creating tests/mast/Makefile
config.status:1423: creating tests/mcast/Makefile
config.status:1423: creating tests/meme/Makefile
config.status:1423: creating tests/meme-chip/Makefile
config.status:1423: creating tests/mhmm/Makefile
config.status:1423: creating tests/mhmms/Makefile
config.status:1423: creating tests/mhmmscan/Makefile
config.status:1423: creating tests/momo/Makefile
config.status:1423: creating tests/motiph/Makefile
config.status:1423: creating tests/psp-gen/Makefile
config.status:1423: creating tests/qvalue/Makefile
config.status:1423: creating tests/scaffold/Makefile
config.status:1423: creating tests/spamo/Makefile
config.status:1423: creating tests/scripts/Makefile
config.status:1423: creating tests/tgene/Makefile
config.status:1423: creating tests/tomtom/Makefile
config.status:1423: creating tests/web/Makefile
config.status:1423: creating website/Makefile
config.status:1423: creating website/templates/Makefile
config.status:1423: creating config.h
config.status:1604: config.h is unchanged
config.status:1683: executing depfiles commands
config.status:1760: cd src/filters/purge       && sed -e '/# am--include-marker/d' Makefile         | make -f - am--depfiles
make: Nothing to be done for `am--depfiles'.
config.status:1765: $? = 0
config.status:1760: cd src/filters/dust       && sed -e '/# am--include-marker/d' Makefile         | make -f - am--depfiles
make: Nothing to be done for `am--depfiles'.
config.status:1765: $? = 0
config.status:1760: cd src       && sed -e '/# am--include-marker/d' Makefile         | make -f - am--depfiles
make: Nothing to be done for `am--depfiles'.
config.status:1765: $? = 0
config.status:1760: cd src/libxml2       && sed -e '/# am--include-marker/d' Makefile         | make -f - am--depfiles
make: Nothing to be done for `am--depfiles'.
config.status:1765: $? = 0
config.status:1760: cd src/libxslt       && sed -e '/# am--include-marker/d' Makefile         | make -f - am--depfiles
make: Nothing to be done for `am--depfiles'.
config.status:1765: $? = 0
config.status:1760: cd src/libexslt       && sed -e '/# am--include-marker/d' Makefile         | make -f - am--depfiles
make: Nothing to be done for `am--depfiles'.
config.status:1765: $? = 0
config.status:1760: cd src/parallel       && sed -e '/# am--include-marker/d' Makefile         | make -f - am--depfiles
make: Nothing to be done for `am--depfiles'.
config.status:1765: $? = 0
config.status:1683: executing libtool commands
configure:17879: WARNING:     
Checking Required Perl Modules:
HTML::Template missing.
HTML::TreeBuilder missing.
JSON missing.
XML::Simple missing. On Ubuntu, you may need to first run 'sudo apt-get install libexpat-dev'
XML::Parser::Expat missing.

Checking Optional Modules:
Log::Log4perl missing. Used for logging and debugging by developers.
Math::CDF missing. Only required for fasta-enriched-center script (which is not called by the web scripts).
XML::Compile::SOAP11 missing. Used for downloading sequence databases from RSAT.
On Ubuntu, you may first need to run 'sudo apt-get install libxml2-dev'
XML::Compile::WSDL11 missing. Used for downloading sequence databases from RSAT
XML::Compile::Transport::SOAPHTTP missing. Used for downloading sequence databases from RSAT   

## ---------------- ##
## Cache variables. ##
## ---------------- ##

ac_cv_build=x86_64-unknown-linux-gnu
ac_cv_c_compiler_gnu=yes
ac_cv_c_const=yes
ac_cv_env_CC_set=
ac_cv_env_CC_value=
ac_cv_env_CFLAGS_set=
ac_cv_env_CFLAGS_value=
ac_cv_env_CPPFLAGS_set=
ac_cv_env_CPPFLAGS_value=
ac_cv_env_CPP_set=
ac_cv_env_CPP_value=
ac_cv_env_LDFLAGS_set=
ac_cv_env_LDFLAGS_value=
ac_cv_env_LIBS_set=
ac_cv_env_LIBS_value=
ac_cv_env_LT_SYS_LIBRARY_PATH_set=
ac_cv_env_LT_SYS_LIBRARY_PATH_value=
ac_cv_env_PYTHON_set=
ac_cv_env_PYTHON_value=
ac_cv_env_build_alias_set=
ac_cv_env_build_alias_value=
ac_cv_env_host_alias_set=
ac_cv_env_host_alias_value=
ac_cv_env_target_alias_set=
ac_cv_env_target_alias_value=
ac_cv_file__home_hgallu_meme_db=yes
ac_cv_func_floor=yes
ac_cv_func_fork=yes
ac_cv_func_fork_works=yes
ac_cv_func_getcwd=yes
ac_cv_func_gethostbyname=yes
ac_cv_func_isascii=yes
ac_cv_func_lstat_dereferences_slashed_symlink=yes
ac_cv_func_malloc_0_nonnull=yes
ac_cv_func_memset=yes
ac_cv_func_pow=yes
ac_cv_func_realloc_0_nonnull=yes
ac_cv_func_rint=yes
ac_cv_func_socket=yes
ac_cv_func_sqrt=yes
ac_cv_func_stat_empty_string_bug=no
ac_cv_func_strchr=yes
ac_cv_func_strcspn=yes
ac_cv_func_strdup=yes
ac_cv_func_strlcpy=no
ac_cv_func_strspn=yes
ac_cv_func_strstr=yes
ac_cv_func_vfork=yes
ac_cv_func_vfork_works=yes
ac_cv_header_arpa_inet_h=yes
ac_cv_header_ctype_h=yes
ac_cv_header_dlfcn_h=yes
ac_cv_header_fcntl_h=yes
ac_cv_header_inttypes_h=yes
ac_cv_header_limits_h=yes
ac_cv_header_memory_h=yes
ac_cv_header_netdb_h=yes
ac_cv_header_netinet_in_h=yes
ac_cv_header_stdbool_h=yes
ac_cv_header_stdc=yes
ac_cv_header_stdint_h=yes
ac_cv_header_stdlib_h=yes
ac_cv_header_string_h=yes
ac_cv_header_strings_h=yes
ac_cv_header_sys_socket_h=yes
ac_cv_header_sys_stat_h=yes
ac_cv_header_sys_time_h=yes
ac_cv_header_sys_types_h=yes
ac_cv_header_sys_wait_h=yes
ac_cv_header_unistd_h=yes
ac_cv_header_vfork_h=no
ac_cv_host=x86_64-unknown-linux-gnu
ac_cv_lib_m_isnan__sqrt__log__exp__fabs__pow__floor__ceil=yes
ac_cv_lib_z_compress=yes
ac_cv_objext=o
ac_cv_path_CONVERT=/usr/bin/convert
ac_cv_path_EGREP='/usr/bin/grep -E'
ac_cv_path_FGREP='/usr/bin/grep -F'
ac_cv_path_GHOSTSCRIPT=/usr/bin/gs
ac_cv_path_GREP=/usr/bin/grep
ac_cv_path_LD='/usr/bin/ld -m elf_x86_64'
ac_cv_path_PERL=/usr/bin/perl
ac_cv_path_PYTHON=/lustre/bmt-data/genomics/projects/lussana/miniconda3/envs/bpnet_training/bin/python
ac_cv_path_SED=/usr/bin/sed
ac_cv_path_SENDMAIL=/usr/sbin/sendmail
ac_cv_path_XML2_CONFIG=/home/opt/anaconda3/bin/xml2-config
ac_cv_path_XSLT_CONFIG=/home/opt/anaconda3/bin/xslt-config
ac_cv_path_install='/usr/bin/install -c'
ac_cv_path_lt_DD=/usr/bin/dd
ac_cv_path_mkdir=/usr/bin/mkdir
ac_cv_prog_AWK=gawk
ac_cv_prog_CPP='gcc -E'
ac_cv_prog_ac_ct_AR=ar
ac_cv_prog_ac_ct_CC=gcc
ac_cv_prog_ac_ct_OBJDUMP=objdump
ac_cv_prog_ac_ct_RANLIB=ranlib
ac_cv_prog_ac_ct_STRIP=strip
ac_cv_prog_cc_c89=
ac_cv_prog_cc_g=yes
ac_cv_prog_cc_gcc_c_o=yes
ac_cv_prog_make_make_set=yes
ac_cv_type__Bool=yes
ac_cv_type_pid_t=yes
ac_cv_type_signal=void
ac_cv_type_size_t=yes
am_cv_CC_dependencies_compiler_type=gcc3
am_cv_make_support_nested_variables=yes
am_cv_prog_cc_c_o=yes
am_cv_python_platform=linux
am_cv_python_pyexecdir='${exec_prefix}/lib/python3.6/site-packages'
am_cv_python_pythondir='${prefix}/lib/python3.6/site-packages'
am_cv_python_version=3.6
lt_cv_ar_at_file=@
lt_cv_archive_cmds_need_lc=no
lt_cv_deplibs_check_method=pass_all
lt_cv_file_magic_cmd='$MAGIC_CMD'
lt_cv_file_magic_test_file=
lt_cv_ld_reload_flag=-r
lt_cv_nm_interface='BSD nm'
lt_cv_objdir=.libs
lt_cv_path_LD=/usr/bin/ld
lt_cv_path_NM='/usr/bin/nm -B'
lt_cv_path_mainfest_tool=no
lt_cv_prog_compiler_c_o=yes
lt_cv_prog_compiler_pic='-fPIC -DPIC'
lt_cv_prog_compiler_pic_works=yes
lt_cv_prog_compiler_rtti_exceptions=no
lt_cv_prog_compiler_static_works=no
lt_cv_prog_gnu_ld=yes
lt_cv_sharedlib_from_linklib_cmd='printf %s\n'
lt_cv_shlibpath_overrides_runpath=no
lt_cv_sys_global_symbol_pipe='sed -n -e '\''s/^.*[	 ]\([ABCDGIRSTW][ABCDGIRSTW]*\)[	 ][	 ]*\([_A-Za-z][_A-Za-z0-9]*\)$/\1 \2 \2/p'\'' | sed '\''/ __gnu_lto/d'\'''
lt_cv_sys_global_symbol_to_c_name_address='sed -n -e '\''s/^: \(.*\) .*$/  {"\1", (void *) 0},/p'\'' -e '\''s/^[ABCDGIRSTW][ABCDGIRSTW]* .* \(.*\)$/  {"\1", (void *) \&\1},/p'\'''
lt_cv_sys_global_symbol_to_c_name_address_lib_prefix='sed -n -e '\''s/^: \(.*\) .*$/  {"\1", (void *) 0},/p'\'' -e '\''s/^[ABCDGIRSTW][ABCDGIRSTW]* .* \(lib.*\)$/  {"\1", (void *) \&\1},/p'\'' -e '\''s/^[ABCDGIRSTW][ABCDGIRSTW]* .* \(.*\)$/  {"lib\1", (void *) \&\1},/p'\'''
lt_cv_sys_global_symbol_to_cdecl='sed -n -e '\''s/^T .* \(.*\)$/extern int \1();/p'\'' -e '\''s/^[ABCDGIRSTW][ABCDGIRSTW]* .* \(.*\)$/extern char \1;/p'\'''
lt_cv_sys_global_symbol_to_import=
lt_cv_sys_max_cmd_len=3458764513820540925
lt_cv_to_host_file_cmd=func_convert_file_noop
lt_cv_to_tool_file_cmd=func_convert_file_noop
lt_cv_truncate_bin='/usr/bin/dd bs=4096 count=1'

## ----------------- ##
## Output variables. ##
## ----------------- ##

ACLOCAL='${SHELL} /lustre/bmt-data/genomics/projects/lussana/bpnet_model_training/local/src/meme-5.1.1/config/missing aclocal-1.16'
ALT_URL=''
AMDEPBACKSLASH='\'
AMDEP_FALSE='#'
AMDEP_TRUE=''
AMTAR='$${TAR-tar}'
AM_BACKSLASH='\'
AM_DEFAULT_V='$(AM_DEFAULT_VERBOSITY)'
AM_DEFAULT_VERBOSITY='1'
AM_V='$(V)'
ANT=''
AR='ar'
AUTOCONF='${SHELL} /lustre/bmt-data/genomics/projects/lussana/bpnet_model_training/local/src/meme-5.1.1/config/missing autoconf'
AUTOHEADER='${SHELL} /lustre/bmt-data/genomics/projects/lussana/bpnet_model_training/local/src/meme-5.1.1/config/missing autoheader'
AUTOMAKE='${SHELL} /lustre/bmt-data/genomics/projects/lussana/bpnet_model_training/local/src/meme-5.1.1/config/missing automake-1.16'
AWK='gawk'
BUILD_LIBXML2_FALSE='#'
BUILD_LIBXML2_TRUE=''
BUILD_LIBXSLT_FALSE='#'
BUILD_LIBXSLT_TRUE=''
CATALINA_HOME=''
CC='gcc'
CCDEPMODE='depmode=gcc3'
CFLAGS='-std=gnu89 -Wall -Wno-unused -DUNIX -D__USE_FIXED_PROTOTYPES__   -O3'
CONTACT=''
CONVERT='/usr/bin/convert'
CPP='gcc -E'
CPPFLAGS=''
CYGPATH_W='echo'
DEBUG_FLAGS=''
DEFS='-DHAVE_CONFIG_H'
DEPDIR='.deps'
DEV_CONTACT='meme-suite@uw.edu'
DLLTOOL='false'
DSYMUTIL=''
DUMPBIN=''
ECHO_C=''
ECHO_N='-n'
ECHO_T=''
EGREP='/usr/bin/grep -E'
EXEEXT=''
EXPIRY='4'
FGREP='/usr/bin/grep -F'
GHOSTSCRIPT='/usr/bin/gs'
GOSERVER_URL='http://amigo.geneontology.org/cgi-bin/amigo/term_details?term=GO_TERM_ID'
GREP='/usr/bin/grep'
HAVE_PYTHON_3_FALSE='#'
HAVE_PYTHON_3_TRUE=''
HAVE_PYTHON_FALSE='#'
HAVE_PYTHON_TRUE=''
HOSTNAME='narvi.cc.tut.fi'
INSTALL_DATA='${INSTALL} -m 644'
INSTALL_PROGRAM='${INSTALL}'
INSTALL_SCRIPT='${INSTALL}'
INSTALL_STRIP_PROGRAM='$(install_sh) -c -s'
LAMBIN=''
LD='/usr/bin/ld -m elf_x86_64'
LDFLAGS=''
LIBEXSLT_CFLAGS='-I${top_srcdir}/src/libexslt'
LIBEXSLT_LIBS='${top_builddir}/src/libexslt/libexslt.la'
LIBOBJS=''
LIBS='-lz -lm '
LIBTOOL='$(SHELL) $(top_builddir)/libtool'
LIBXML2_CFLAGS='-I${top_srcdir}/src/libxml2/include'
LIBXML2_LIBS='${top_builddir}/src/libxml2/libxml2.la'
LIBXSLT_CFLAGS='-I${top_srcdir}/src/'
LIBXSLT_LIBS='${top_builddir}/src/libxslt/libxslt.la'
LIPO=''
LN_S='ln -s'
LTLIBOBJS=''
LT_SYS_LIBRARY_PATH=''
MACHID='linux'
MAKEINFO='${SHELL} /lustre/bmt-data/genomics/projects/lussana/bpnet_model_training/local/src/meme-5.1.1/config/missing makeinfo'
MANIFEST_TOOL=':'
MAST_PORT=''
MAXTIME='18000'
MEME_DB='/home/hgallu/meme/db'
MEME_DIRECTORY='${prefix}'
MEME_LOGS='${localstatedir}/${PACKAGE_NAME}-5.1.1/LOGS'
MEME_PORT=''
MEME_TEMP=''
METAMEME_EXTERNAL_FALSE=''
METAMEME_EXTERNAL_TRUE='#'
MKDIR_P='/usr/bin/mkdir -p'
MPICC='gcc'
MPIFLAGS=''
MPIINC=''
MPILIBDIR=''
MPIRUN=''
MPITYPE=''
MPI_CMD=''
NEWS_URL='./news.txt'
NM='/usr/bin/nm -B'
NMEDIT=''
NOTICES_URL='./notices.txt'
OBJDUMP='objdump'
OBJEXT='o'
OPAL_DEPLOY=''
OPAL_URL='no'
OPT_FLAGS='-O3'
OTOOL64=''
OTOOL=''
PACKAGE='meme'
PACKAGE_BUGREPORT=''
PACKAGE_NAME='meme'
PACKAGE_STRING='meme 5.1.1'
PACKAGE_TARNAME='meme'
PACKAGE_URL=''
PACKAGE_VERSION='5.1.1'
PARALLEL_FALSE=''
PARALLEL_IS_LAM_FALSE=''
PARALLEL_IS_LAM_TRUE='#'
PARALLEL_TRUE='#'
PATH_SEPARATOR=':'
PERL='/usr/bin/perl'
PREV_URL=''
PREV_VER=''
PYTHON='/lustre/bmt-data/genomics/projects/lussana/miniconda3/envs/bpnet_training/bin/python'
PYTHON_EXEC_PREFIX='${exec_prefix}'
PYTHON_PLATFORM='linux'
PYTHON_PREFIX='${prefix}'
PYTHON_VERSION='3.6'
QUOTA=''
RANLIB='ranlib'
SED='/usr/bin/sed'
SENDMAIL='/usr/sbin/sendmail'
SET_MAKE=''
SHELL='/bin/sh'
SOURCE_URL='http://meme-suite.org'
STRIP='strip'
URL='http://meme-suite.org/'
VERSION='5.1.1'
WANT_STRLCPY_FALSE='#'
WANT_STRLCPY_TRUE=''
WEBSERVICE=''
WEBSERVICE_FALSE=''
WEBSERVICE_TRUE='#'
WEBSITE_FALSE=''
WEBSITE_TRUE='#'
WEB_FALSE=''
WEB_TRUE='#'
XBUILD=''
XML2_CONFIG='/home/opt/anaconda3/bin/xml2-config'
XSLT_CONFIG='/home/opt/anaconda3/bin/xslt-config'
ac_ct_AR='ar'
ac_ct_CC='gcc'
ac_ct_DUMPBIN=''
am__EXEEXT_FALSE=''
am__EXEEXT_TRUE='#'
am__fastdepCC_FALSE='#'
am__fastdepCC_TRUE=''
am__include='include'
am__isrc=''
am__leading_dot='.'
am__nodep='_no'
am__quote=''
am__tar='$${TAR-tar} chof - "$$tardir"'
am__untar='$${TAR-tar} xf -'
bindir='${exec_prefix}/bin'
build='x86_64-unknown-linux-gnu'
build_alias=''
build_cpu='x86_64'
build_os='linux-gnu'
build_vendor='unknown'
datadir='${datarootdir}'
datarootdir='${prefix}/share'
docdir='${datarootdir}/doc/${PACKAGE_TARNAME}'
dvidir='${docdir}'
exec_prefix='${prefix}'
host='x86_64-unknown-linux-gnu'
host_alias=''
host_cpu='x86_64'
host_os='linux-gnu'
host_vendor='unknown'
htmldir='${docdir}'
includedir='${prefix}/include'
infodir='${datarootdir}/info'
install_sh='${SHELL} /lustre/bmt-data/genomics/projects/lussana/bpnet_model_training/local/src/meme-5.1.1/config/install-sh'
libdir='${exec_prefix}/lib'
libexecdir='${exec_prefix}/libexec'
localedir='${datarootdir}/locale'
localstatedir='${prefix}/var'
mandir='${datarootdir}/man'
mkdir_p='$(MKDIR_P)'
oldincludedir='/usr/include'
pdfdir='${docdir}'
pkgpyexecdir='${pyexecdir}/meme'
pkgpythondir='${pythondir}/meme'
prefix='/home/hgallu/meme'
program_transform_name='s,x,x,'
psdir='${docdir}'
pyexecdir='${exec_prefix}/lib/python3.6/site-packages'
pythondir='${prefix}/lib/python3.6/site-packages'
sbindir='${exec_prefix}/sbin'
sharedstatedir='${prefix}/com'
sysconfdir='${prefix}/etc'
target_alias=''

## ----------- ##
## confdefs.h. ##
## ----------- ##

/* confdefs.h */
#define PACKAGE_NAME "meme"
#define PACKAGE_TARNAME "meme"
#define PACKAGE_VERSION "5.1.1"
#define PACKAGE_STRING "meme 5.1.1"
#define PACKAGE_BUGREPORT ""
#define PACKAGE_URL ""
#define PACKAGE "meme"
#define VERSION "5.1.1"
#define STDC_HEADERS 1
#define HAVE_SYS_TYPES_H 1
#define HAVE_SYS_STAT_H 1
#define HAVE_STDLIB_H 1
#define HAVE_STRING_H 1
#define HAVE_MEMORY_H 1
#define HAVE_STRINGS_H 1
#define HAVE_INTTYPES_H 1
#define HAVE_STDINT_H 1
#define HAVE_UNISTD_H 1
#define HAVE_DLFCN_H 1
#define LT_OBJDIR ".libs/"
#define HOSTNAME "narvi.cc.tut.fi"
#define HAVE_LIBM 1
#define HAVE_LIBZ 1
#define STDC_HEADERS 1
#define HAVE_SYS_WAIT_H 1
#define HAVE_ARPA_INET_H 1
#define HAVE_CTYPE_H 1
#define HAVE_FCNTL_H 1
#define HAVE_LIMITS_H 1
#define HAVE_NETDB_H 1
#define HAVE_NETINET_IN_H 1
#define HAVE_STDLIB_H 1
#define HAVE_STRING_H 1
#define HAVE_STRINGS_H 1
#define HAVE_SYS_SOCKET_H 1
#define HAVE_SYS_TIME_H 1
#define HAVE_UNISTD_H 1
#define HAVE__BOOL 1
#define HAVE_STDBOOL_H 1
#define HAVE_FORK 1
#define HAVE_VFORK 1
#define HAVE_WORKING_VFORK 1
#define HAVE_WORKING_FORK 1
#define HAVE_STDLIB_H 1
#define HAVE_MALLOC 1
#define HAVE_STDLIB_H 1
#define HAVE_REALLOC 1
#define RETSIGTYPE void
#define LSTAT_FOLLOWS_SLASHED_SYMLINK 1
#define HAVE_FLOOR 1
#define HAVE_GETCWD 1
#define HAVE_GETHOSTBYNAME 1
#define HAVE_ISASCII 1
#define HAVE_MEMSET 1
#define HAVE_POW 1
#define HAVE_RINT 1
#define HAVE_SOCKET 1
#define HAVE_SQRT 1
#define HAVE_STRCHR 1
#define HAVE_STRCSPN 1
#define HAVE_STRDUP 1
#define HAVE_STRSPN 1
#define HAVE_STRSTR 1
#define Linux /**/
#define SITE_URL "http://meme-suite.org/"
#define ALT_URL ""
#define SOURCE_URL "http://meme-suite.org"
#define PERL "/usr/bin/perl"
#define PYTHON "/lustre/bmt-data/genomics/projects/lussana/miniconda3/envs/bpnet_training/bin/python"
#define CONVERT_PATH "/usr/bin/convert"
#define GHOSTSCRIPT_PATH "/usr/bin/gs"

configure: exit 0
